[debug] [2020-09-23T21:36:33.091Z] ----------------------------------------------------------------------
[debug] [2020-09-23T21:36:33.094Z] Command:       D:\Development\software applications\NodeJS\node.exe C:\Users\rissandimo\AppData\Roaming\npm\node_modules\firebase-tools\lib\bin\firebase.js emulators:start
[debug] [2020-09-23T21:36:33.095Z] CLI Version:   8.10.0
[debug] [2020-09-23T21:36:33.095Z] Platform:      win32
[debug] [2020-09-23T21:36:33.095Z] Node Version:  v12.18.0
[debug] [2020-09-23T21:36:33.098Z] Time:          Wed Sep 23 2020 14:36:33 GMT-0700 (Pacific Daylight Time)
[debug] [2020-09-23T21:36:33.098Z] ----------------------------------------------------------------------
[debug] [2020-09-23T21:36:33.099Z] 
[debug] [2020-09-23T21:36:33.152Z] > command requires scopes: ["email","openid","https://www.googleapis.com/auth/cloudplatformprojects.readonly","https://www.googleapis.com/auth/firebase","https://www.googleapis.com/auth/cloud-platform"]
[debug] [2020-09-23T21:36:33.153Z] > authorizing via signed-in user
[info] i  emulators: Starting emulators: functions, hosting {"metadata":{"emulator":{"name":"hub"},"message":"Starting emulators: functions, hosting"}}
[debug] [2020-09-23T21:36:35.193Z] [hub] writing locator at C:\Users\RISSAN~1\AppData\Local\Temp\hub-clone-2f37e.json
[warn] !  functions: The following emulators are not running, calls to these services from the Functions emulator will affect production: firestore, database, pubsub {"metadata":{"emulator":{"name":"functions"},"message":"The following emulators are not running, calls to these services from the Functions emulator will affect production: \u001b[1mfirestore, database, pubsub\u001b[22m"}}
[warn] !  Your requested "node" version "10" doesn't match your global version "12" {"metadata":{"emulator":{"name":"functions"},"message":"Your requested \"node\" version \"10\" doesn't match your global version \"12\""}}
[debug] [2020-09-23T21:36:37.239Z] defaultcredentials: writing to file C:\Users\rissandimo\AppData\Roaming\firebase\omidmerch_gmail_com_application_default_credentials.json
[debug] [2020-09-23T21:36:37.250Z] Setting GAC to C:\Users\rissandimo\AppData\Roaming\firebase\omidmerch_gmail_com_application_default_credentials.json {"metadata":{"emulator":{"name":"functions"},"message":"Setting GAC to C:\\Users\\rissandimo\\AppData\\Roaming\\firebase\\omidmerch_gmail_com_application_default_credentials.json"}}
[debug] [2020-09-23T21:36:39.269Z] > refreshing access token with scopes: ["email","https://www.googleapis.com/auth/cloud-platform","https://www.googleapis.com/auth/cloudplatformprojects.readonly","https://www.googleapis.com/auth/firebase","openid"]
[debug] [2020-09-23T21:36:39.270Z] >>> HTTP REQUEST POST https://www.googleapis.com/oauth2/v3/token  
 <request body omitted>
[debug] [2020-09-23T21:36:39.427Z] <<< HTTP RESPONSE 200 {"content-type":"application/json; charset=utf-8","vary":"X-Origin, Referer, Origin,Accept-Encoding","date":"Wed, 23 Sep 2020 21:37:22 GMT","server":"scaffolding on HTTPServer2","cache-control":"private","x-xss-protection":"0","x-frame-options":"SAMEORIGIN","x-content-type-options":"nosniff","alt-svc":"h3-Q050=\":443\"; ma=2592000,h3-29=\":443\"; ma=2592000,h3-27=\":443\"; ma=2592000,h3-T051=\":443\"; ma=2592000,h3-T050=\":443\"; ma=2592000,h3-Q046=\":443\"; ma=2592000,h3-Q043=\":443\"; ma=2592000,quic=\":443\"; ma=2592000; v=\"46,43\"","accept-ranges":"none","transfer-encoding":"chunked"}
[debug] [2020-09-23T21:36:39.452Z] >>> HTTP REQUEST GET https://firebase.googleapis.com/v1beta1/projects/clone-2f37e/webApps/-/config  
 
[debug] [2020-09-23T21:36:40.117Z] <<< HTTP RESPONSE 200 {"content-type":"application/json; charset=UTF-8","vary":"X-Origin, Referer, Origin,Accept-Encoding","date":"Wed, 23 Sep 2020 21:37:22 GMT","server":"ESF","cache-control":"private","x-xss-protection":"0","x-frame-options":"SAMEORIGIN","x-content-type-options":"nosniff","alt-svc":"h3-Q050=\":443\"; ma=2592000,h3-29=\":443\"; ma=2592000,h3-27=\":443\"; ma=2592000,h3-T051=\":443\"; ma=2592000,h3-T050=\":443\"; ma=2592000,h3-Q046=\":443\"; ma=2592000,h3-Q043=\":443\"; ma=2592000,quic=\":443\"; ma=2592000; v=\"46,43\"","accept-ranges":"none","transfer-encoding":"chunked"}
[info] i  hosting: Serving hosting files from: build {"metadata":{"emulator":{"name":"hosting"},"message":"Serving hosting files from: \u001b[1mbuild\u001b[22m"}}
[info] +  hosting: Local server: http://localhost:5000 {"metadata":{"emulator":{"name":"hosting"},"message":"Local server: \u001b[4m\u001b[1mhttp://localhost:5000\u001b[22m\u001b[24m"}}
[debug] [2020-09-23T21:36:44.276Z] Ignoring unsupported arg: auto_download {"metadata":{"emulator":{"name":"ui"},"message":"Ignoring unsupported arg: auto_download"}}
[debug] [2020-09-23T21:36:44.276Z] Ignoring unsupported arg: port {"metadata":{"emulator":{"name":"ui"},"message":"Ignoring unsupported arg: port"}}
[debug] [2020-09-23T21:36:44.276Z] Starting Emulator UI with command {"binary":"node","args":["C:\\Users\\rissandimo\\.cache\\firebase\\emulators\\ui-v1.1.1\\server.bundle.js"],"optionalArgs":[],"joinArgs":false} {"metadata":{"emulator":{"name":"ui"},"message":"Starting Emulator UI with command {\"binary\":\"node\",\"args\":[\"C:\\\\Users\\\\rissandimo\\\\.cache\\\\firebase\\\\emulators\\\\ui-v1.1.1\\\\server.bundle.js\"],\"optionalArgs\":[],\"joinArgs\":false}"}}
[info] i  ui: Emulator UI logging to ui-debug.log {"metadata":{"emulator":{"name":"ui"},"message":"Emulator UI logging to \u001b[1mui-debug.log\u001b[22m"}}
[debug] [2020-09-23T21:36:44.839Z] Web / API server started at http://localhost:4000
 {"metadata":{"emulator":{"name":"ui"},"message":"Web / API server started at http://localhost:4000\n"}}
[info] i  functions: Watching "D:\Development\javascript\projects\tutorials\react\amazon\functions" for Cloud Functions... {"metadata":{"emulator":{"name":"functions"},"message":"Watching \"D:\\Development\\javascript\\projects\\tutorials\\react\\amazon\\functions\" for Cloud Functions..."}}
[debug] [2020-09-23T21:36:45.320Z] [worker-pool] addWorker(~diagnostic~) {"metadata":{"emulator":{"name":"functions"},"message":"[worker-pool] addWorker(~diagnostic~)"}}
[debug] [2020-09-23T21:36:45.321Z] [worker-pool] Adding worker with key ~diagnostic~, total=1 {"metadata":{"emulator":{"name":"functions"},"message":"[worker-pool] Adding worker with key ~diagnostic~, total=1"}}
[debug] [2020-09-23T21:36:45.321Z] [worker-pool] submitWork(triggerId=) {"metadata":{"emulator":{"name":"functions"},"message":"[worker-pool] submitWork(triggerId=)"}}
[debug] [2020-09-23T21:36:45.321Z] [worker-~diagnostic~-1e1b6298-5ba6-422e-8f3d-f759ed1ace94]: Assigning socketPath: \\?\pipe\D:\Development\javascript\projects\tutorials\react\amazon\functions\7264 {"metadata":{"emulator":{"name":"functions"},"message":"[worker-~diagnostic~-1e1b6298-5ba6-422e-8f3d-f759ed1ace94]: Assigning socketPath: \\\\?\\pipe\\D:\\Development\\javascript\\projects\\tutorials\\react\\amazon\\functions\\7264"}}
[debug] [2020-09-23T21:36:45.322Z] [worker-~diagnostic~-1e1b6298-5ba6-422e-8f3d-f759ed1ace94]: BUSY {"metadata":{"emulator":{"name":"functions"},"message":"[worker-~diagnostic~-1e1b6298-5ba6-422e-8f3d-f759ed1ace94]: BUSY"}}
[debug] [2020-09-23T21:36:46.230Z] [runtime-status] [7264] Functions runtime initialized. {"cwd":"D:\\Development\\javascript\\projects\\tutorials\\react\\amazon\\functions","node_version":"12.18.0"} {"metadata":{"emulator":{"name":"functions"},"message":"[runtime-status] [7264] Functions runtime initialized. {\"cwd\":\"D:\\\\Development\\\\javascript\\\\projects\\\\tutorials\\\\react\\\\amazon\\\\functions\",\"node_version\":\"12.18.0\"}"}}
[debug] [2020-09-23T21:36:46.233Z] [runtime-status] [7264] Disabled runtime features: undefined {"metadata":{"emulator":{"name":"functions"},"message":"[runtime-status] [7264] Disabled runtime features: undefined"}}
[debug] [2020-09-23T21:36:46.257Z] [runtime-status] [7264] Resolved module firebase-admin {"declared":true,"installed":true,"version":"8.13.0","resolution":"D:\\Development\\javascript\\projects\\tutorials\\react\\amazon\\functions\\node_modules\\firebase-admin\\lib\\index.js"} {"metadata":{"emulator":{"name":"functions"},"message":"[runtime-status] [7264] Resolved module firebase-admin {\"declared\":true,\"installed\":true,\"version\":\"8.13.0\",\"resolution\":\"D:\\\\Development\\\\javascript\\\\projects\\\\tutorials\\\\react\\\\amazon\\\\functions\\\\node_modules\\\\firebase-admin\\\\lib\\\\index.js\"}"}}
[debug] [2020-09-23T21:36:46.260Z] [runtime-status] [7264] Resolved module firebase-functions {"declared":true,"installed":true,"version":"3.11.0","resolution":"D:\\Development\\javascript\\projects\\tutorials\\react\\amazon\\functions\\node_modules\\firebase-functions\\lib\\index.js"} {"metadata":{"emulator":{"name":"functions"},"message":"[runtime-status] [7264] Resolved module firebase-functions {\"declared\":true,\"installed\":true,\"version\":\"3.11.0\",\"resolution\":\"D:\\\\Development\\\\javascript\\\\projects\\\\tutorials\\\\react\\\\amazon\\\\functions\\\\node_modules\\\\firebase-functions\\\\lib\\\\index.js\"}"}}
[debug] [2020-09-23T21:36:46.262Z] [runtime-status] [7264] Resolved module firebase-functions {"declared":true,"installed":true,"version":"3.11.0","resolution":"D:\\Development\\javascript\\projects\\tutorials\\react\\amazon\\functions\\node_modules\\firebase-functions\\lib\\index.js"} {"metadata":{"emulator":{"name":"functions"},"message":"[runtime-status] [7264] Resolved module firebase-functions {\"declared\":true,\"installed\":true,\"version\":\"3.11.0\",\"resolution\":\"D:\\\\Development\\\\javascript\\\\projects\\\\tutorials\\\\react\\\\amazon\\\\functions\\\\node_modules\\\\firebase-functions\\\\lib\\\\index.js\"}"}}
[debug] [2020-09-23T21:36:46.264Z] [runtime-status] [7264] Outgoing network have been stubbed. [{"name":"http","status":"mocked"},{"name":"http","status":"mocked"},{"name":"https","status":"mocked"},{"name":"https","status":"mocked"},{"name":"net","status":"mocked"}] {"metadata":{"emulator":{"name":"functions"},"message":"[runtime-status] [7264] Outgoing network have been stubbed. [{\"name\":\"http\",\"status\":\"mocked\"},{\"name\":\"http\",\"status\":\"mocked\"},{\"name\":\"https\",\"status\":\"mocked\"},{\"name\":\"https\",\"status\":\"mocked\"},{\"name\":\"net\",\"status\":\"mocked\"}]"}}
[debug] [2020-09-23T21:36:46.266Z] [runtime-status] [7264] Resolved module firebase-functions {"declared":true,"installed":true,"version":"3.11.0","resolution":"D:\\Development\\javascript\\projects\\tutorials\\react\\amazon\\functions\\node_modules\\firebase-functions\\lib\\index.js"} {"metadata":{"emulator":{"name":"functions"},"message":"[runtime-status] [7264] Resolved module firebase-functions {\"declared\":true,\"installed\":true,\"version\":\"3.11.0\",\"resolution\":\"D:\\\\Development\\\\javascript\\\\projects\\\\tutorials\\\\react\\\\amazon\\\\functions\\\\node_modules\\\\firebase-functions\\\\lib\\\\index.js\"}"}}
[debug] [2020-09-23T21:36:46.643Z] [runtime-status] [7264] Checked functions.config() {"config":{}} {"metadata":{"emulator":{"name":"functions"},"message":"[runtime-status] [7264] Checked functions.config() {\"config\":{}}"}}
[debug] [2020-09-23T21:36:46.644Z] [runtime-status] [7264] firebase-functions has been stubbed. {"functionsResolution":{"declared":true,"installed":true,"version":"3.11.0","resolution":"D:\\Development\\javascript\\projects\\tutorials\\react\\amazon\\functions\\node_modules\\firebase-functions\\lib\\index.js"}} {"metadata":{"emulator":{"name":"functions"},"message":"[runtime-status] [7264] firebase-functions has been stubbed. {\"functionsResolution\":{\"declared\":true,\"installed\":true,\"version\":\"3.11.0\",\"resolution\":\"D:\\\\Development\\\\javascript\\\\projects\\\\tutorials\\\\react\\\\amazon\\\\functions\\\\node_modules\\\\firebase-functions\\\\lib\\\\index.js\"}}"}}
[debug] [2020-09-23T21:36:46.645Z] [runtime-status] [7264] Resolved module firebase-functions {"declared":true,"installed":true,"version":"3.11.0","resolution":"D:\\Development\\javascript\\projects\\tutorials\\react\\amazon\\functions\\node_modules\\firebase-functions\\lib\\index.js"} {"metadata":{"emulator":{"name":"functions"},"message":"[runtime-status] [7264] Resolved module firebase-functions {\"declared\":true,\"installed\":true,\"version\":\"3.11.0\",\"resolution\":\"D:\\\\Development\\\\javascript\\\\projects\\\\tutorials\\\\react\\\\amazon\\\\functions\\\\node_modules\\\\firebase-functions\\\\lib\\\\index.js\"}"}}
[debug] [2020-09-23T21:36:46.648Z] [runtime-status] [7264] Resolved module firebase-admin {"declared":true,"installed":true,"version":"8.13.0","resolution":"D:\\Development\\javascript\\projects\\tutorials\\react\\amazon\\functions\\node_modules\\firebase-admin\\lib\\index.js"} {"metadata":{"emulator":{"name":"functions"},"message":"[runtime-status] [7264] Resolved module firebase-admin {\"declared\":true,\"installed\":true,\"version\":\"8.13.0\",\"resolution\":\"D:\\\\Development\\\\javascript\\\\projects\\\\tutorials\\\\react\\\\amazon\\\\functions\\\\node_modules\\\\firebase-admin\\\\lib\\\\index.js\"}"}}
[debug] [2020-09-23T21:36:46.649Z] [runtime-status] [7264] Resolved module firebase-functions {"declared":true,"installed":true,"version":"3.11.0","resolution":"D:\\Development\\javascript\\projects\\tutorials\\react\\amazon\\functions\\node_modules\\firebase-functions\\lib\\index.js"} {"metadata":{"emulator":{"name":"functions"},"message":"[runtime-status] [7264] Resolved module firebase-functions {\"declared\":true,\"installed\":true,\"version\":\"3.11.0\",\"resolution\":\"D:\\\\Development\\\\javascript\\\\projects\\\\tutorials\\\\react\\\\amazon\\\\functions\\\\node_modules\\\\firebase-functions\\\\lib\\\\index.js\"}"}}
[debug] [2020-09-23T21:36:46.650Z] [runtime-status] [7264] firebase-admin has been stubbed. {"adminResolution":{"declared":true,"installed":true,"version":"8.13.0","resolution":"D:\\Development\\javascript\\projects\\tutorials\\react\\amazon\\functions\\node_modules\\firebase-admin\\lib\\index.js"}} {"metadata":{"emulator":{"name":"functions"},"message":"[runtime-status] [7264] firebase-admin has been stubbed. {\"adminResolution\":{\"declared\":true,\"installed\":true,\"version\":\"8.13.0\",\"resolution\":\"D:\\\\Development\\\\javascript\\\\projects\\\\tutorials\\\\react\\\\amazon\\\\functions\\\\node_modules\\\\firebase-admin\\\\lib\\\\index.js\"}}"}}
[info] +  functions[api]: http function initialized (http://localhost:5001/clone-2f37e/us-central1/api). {"metadata":{"emulator":{"name":"functions"},"message":"\u001b[1mhttp\u001b[22m function initialized (http://localhost:5001/clone-2f37e/us-central1/api)."}}
[info] 
┌───────────────────────────────────────────────────────────────────────┐
│ ✔  All emulators ready! View status and logs at http://localhost:4000 │
└───────────────────────────────────────────────────────────────────────┘

┌───────────┬────────────────┬─────────────────────────────────┐
│ Emulator  │ Host:Port      │ View in Emulator UI             │
├───────────┼────────────────┼─────────────────────────────────┤
│ Functions │ localhost:5001 │ http://localhost:4000/functions │
├───────────┼────────────────┼─────────────────────────────────┤
│ Hosting   │ localhost:5000 │ n/a                             │
└───────────┴────────────────┴─────────────────────────────────┘
  Other reserved ports: 4400, 4500

Issues? Report them at https://github.com/firebase/firebase-tools/issues and attach the *-debug.log files.
 
[debug] [2020-09-23T21:36:48.021Z] [worker-~diagnostic~-1e1b6298-5ba6-422e-8f3d-f759ed1ace94]: IDLE {"metadata":{"emulator":{"name":"functions"},"message":"[worker-~diagnostic~-1e1b6298-5ba6-422e-8f3d-f759ed1ace94]: IDLE"}}
[debug] [2020-09-23T21:39:43.918Z] [work-queue] {"queueLength":1,"workRunningCount":0}
[debug] [2020-09-23T21:39:43.919Z] [work-queue] {"queueLength":0,"workRunningCount":1}
[debug] [2020-09-23T21:39:43.919Z] Accepted request POST /clone-2f37e/us-central1/api/payments/create?total=75900 --> api
[debug] [2020-09-23T21:39:43.929Z] [worker-pool] addWorker(api) {"metadata":{"emulator":{"name":"functions"},"message":"[worker-pool] addWorker(api)"}}
[debug] [2020-09-23T21:39:43.929Z] [worker-pool] Adding worker with key api, total=1 {"metadata":{"emulator":{"name":"functions"},"message":"[worker-pool] Adding worker with key api, total=1"}}
[debug] [2020-09-23T21:39:43.929Z] [worker-pool] submitWork(triggerId=api) {"metadata":{"emulator":{"name":"functions"},"message":"[worker-pool] submitWork(triggerId=api)"}}
[debug] [2020-09-23T21:39:43.930Z] [worker-api-d25f3d17-5150-478f-9eb9-cce46e3824fb]: Assigning socketPath: \\?\pipe\D:\Development\javascript\projects\tutorials\react\amazon\functions\1360 {"metadata":{"emulator":{"name":"functions"},"message":"[worker-api-d25f3d17-5150-478f-9eb9-cce46e3824fb]: Assigning socketPath: \\\\?\\pipe\\D:\\Development\\javascript\\projects\\tutorials\\react\\amazon\\functions\\1360"}}
[debug] [2020-09-23T21:39:43.930Z] [worker-api-d25f3d17-5150-478f-9eb9-cce46e3824fb]: BUSY {"metadata":{"emulator":{"name":"functions"},"message":"[worker-api-d25f3d17-5150-478f-9eb9-cce46e3824fb]: BUSY"}}
[debug] [2020-09-23T21:39:44.681Z] [runtime-status] [1360] Functions runtime initialized. {"cwd":"D:\\Development\\javascript\\projects\\tutorials\\react\\amazon\\functions","node_version":"12.18.0"} {"metadata":{"emulator":{"name":"functions"},"function":{"name":"api"},"message":"[runtime-status] [1360] Functions runtime initialized. {\"cwd\":\"D:\\\\Development\\\\javascript\\\\projects\\\\tutorials\\\\react\\\\amazon\\\\functions\",\"node_version\":\"12.18.0\"}"}}
[debug] [2020-09-23T21:39:44.685Z] [runtime-status] [1360] Disabled runtime features: undefined {"metadata":{"emulator":{"name":"functions"},"function":{"name":"api"},"message":"[runtime-status] [1360] Disabled runtime features: undefined"}}
[debug] [2020-09-23T21:39:44.698Z] [runtime-status] [1360] Resolved module firebase-admin {"declared":true,"installed":true,"version":"8.13.0","resolution":"D:\\Development\\javascript\\projects\\tutorials\\react\\amazon\\functions\\node_modules\\firebase-admin\\lib\\index.js"} {"metadata":{"emulator":{"name":"functions"},"function":{"name":"api"},"message":"[runtime-status] [1360] Resolved module firebase-admin {\"declared\":true,\"installed\":true,\"version\":\"8.13.0\",\"resolution\":\"D:\\\\Development\\\\javascript\\\\projects\\\\tutorials\\\\react\\\\amazon\\\\functions\\\\node_modules\\\\firebase-admin\\\\lib\\\\index.js\"}"}}
[debug] [2020-09-23T21:39:44.701Z] [runtime-status] [1360] Resolved module firebase-functions {"declared":true,"installed":true,"version":"3.11.0","resolution":"D:\\Development\\javascript\\projects\\tutorials\\react\\amazon\\functions\\node_modules\\firebase-functions\\lib\\index.js"} {"metadata":{"emulator":{"name":"functions"},"function":{"name":"api"},"message":"[runtime-status] [1360] Resolved module firebase-functions {\"declared\":true,\"installed\":true,\"version\":\"3.11.0\",\"resolution\":\"D:\\\\Development\\\\javascript\\\\projects\\\\tutorials\\\\react\\\\amazon\\\\functions\\\\node_modules\\\\firebase-functions\\\\lib\\\\index.js\"}"}}
[debug] [2020-09-23T21:39:44.702Z] [runtime-status] [1360] Resolved module firebase-functions {"declared":true,"installed":true,"version":"3.11.0","resolution":"D:\\Development\\javascript\\projects\\tutorials\\react\\amazon\\functions\\node_modules\\firebase-functions\\lib\\index.js"} {"metadata":{"emulator":{"name":"functions"},"function":{"name":"api"},"message":"[runtime-status] [1360] Resolved module firebase-functions {\"declared\":true,\"installed\":true,\"version\":\"3.11.0\",\"resolution\":\"D:\\\\Development\\\\javascript\\\\projects\\\\tutorials\\\\react\\\\amazon\\\\functions\\\\node_modules\\\\firebase-functions\\\\lib\\\\index.js\"}"}}
[debug] [2020-09-23T21:39:44.706Z] [runtime-status] [1360] Outgoing network have been stubbed. [{"name":"http","status":"mocked"},{"name":"http","status":"mocked"},{"name":"https","status":"mocked"},{"name":"https","status":"mocked"},{"name":"net","status":"mocked"}] {"metadata":{"emulator":{"name":"functions"},"function":{"name":"api"},"message":"[runtime-status] [1360] Outgoing network have been stubbed. [{\"name\":\"http\",\"status\":\"mocked\"},{\"name\":\"http\",\"status\":\"mocked\"},{\"name\":\"https\",\"status\":\"mocked\"},{\"name\":\"https\",\"status\":\"mocked\"},{\"name\":\"net\",\"status\":\"mocked\"}]"}}
[debug] [2020-09-23T21:39:44.707Z] [runtime-status] [1360] Resolved module firebase-functions {"declared":true,"installed":true,"version":"3.11.0","resolution":"D:\\Development\\javascript\\projects\\tutorials\\react\\amazon\\functions\\node_modules\\firebase-functions\\lib\\index.js"} {"metadata":{"emulator":{"name":"functions"},"function":{"name":"api"},"message":"[runtime-status] [1360] Resolved module firebase-functions {\"declared\":true,\"installed\":true,\"version\":\"3.11.0\",\"resolution\":\"D:\\\\Development\\\\javascript\\\\projects\\\\tutorials\\\\react\\\\amazon\\\\functions\\\\node_modules\\\\firebase-functions\\\\lib\\\\index.js\"}"}}
[debug] [2020-09-23T21:39:44.778Z] [runtime-status] [1360] Checked functions.config() {"config":{}} {"metadata":{"emulator":{"name":"functions"},"function":{"name":"api"},"message":"[runtime-status] [1360] Checked functions.config() {\"config\":{}}"}}
[debug] [2020-09-23T21:39:44.778Z] [runtime-status] [1360] firebase-functions has been stubbed. {"functionsResolution":{"declared":true,"installed":true,"version":"3.11.0","resolution":"D:\\Development\\javascript\\projects\\tutorials\\react\\amazon\\functions\\node_modules\\firebase-functions\\lib\\index.js"}} {"metadata":{"emulator":{"name":"functions"},"function":{"name":"api"},"message":"[runtime-status] [1360] firebase-functions has been stubbed. {\"functionsResolution\":{\"declared\":true,\"installed\":true,\"version\":\"3.11.0\",\"resolution\":\"D:\\\\Development\\\\javascript\\\\projects\\\\tutorials\\\\react\\\\amazon\\\\functions\\\\node_modules\\\\firebase-functions\\\\lib\\\\index.js\"}}"}}
[debug] [2020-09-23T21:39:44.779Z] [runtime-status] [1360] Resolved module firebase-functions {"declared":true,"installed":true,"version":"3.11.0","resolution":"D:\\Development\\javascript\\projects\\tutorials\\react\\amazon\\functions\\node_modules\\firebase-functions\\lib\\index.js"} {"metadata":{"emulator":{"name":"functions"},"function":{"name":"api"},"message":"[runtime-status] [1360] Resolved module firebase-functions {\"declared\":true,\"installed\":true,\"version\":\"3.11.0\",\"resolution\":\"D:\\\\Development\\\\javascript\\\\projects\\\\tutorials\\\\react\\\\amazon\\\\functions\\\\node_modules\\\\firebase-functions\\\\lib\\\\index.js\"}"}}
[debug] [2020-09-23T21:39:44.780Z] [runtime-status] [1360] Resolved module firebase-admin {"declared":true,"installed":true,"version":"8.13.0","resolution":"D:\\Development\\javascript\\projects\\tutorials\\react\\amazon\\functions\\node_modules\\firebase-admin\\lib\\index.js"} {"metadata":{"emulator":{"name":"functions"},"function":{"name":"api"},"message":"[runtime-status] [1360] Resolved module firebase-admin {\"declared\":true,\"installed\":true,\"version\":\"8.13.0\",\"resolution\":\"D:\\\\Development\\\\javascript\\\\projects\\\\tutorials\\\\react\\\\amazon\\\\functions\\\\node_modules\\\\firebase-admin\\\\lib\\\\index.js\"}"}}
[debug] [2020-09-23T21:39:44.781Z] [runtime-status] [1360] Resolved module firebase-functions {"declared":true,"installed":true,"version":"3.11.0","resolution":"D:\\Development\\javascript\\projects\\tutorials\\react\\amazon\\functions\\node_modules\\firebase-functions\\lib\\index.js"} {"metadata":{"emulator":{"name":"functions"},"function":{"name":"api"},"message":"[runtime-status] [1360] Resolved module firebase-functions {\"declared\":true,\"installed\":true,\"version\":\"3.11.0\",\"resolution\":\"D:\\\\Development\\\\javascript\\\\projects\\\\tutorials\\\\react\\\\amazon\\\\functions\\\\node_modules\\\\firebase-functions\\\\lib\\\\index.js\"}"}}
[debug] [2020-09-23T21:39:44.781Z] [runtime-status] [1360] firebase-admin has been stubbed. {"adminResolution":{"declared":true,"installed":true,"version":"8.13.0","resolution":"D:\\Development\\javascript\\projects\\tutorials\\react\\amazon\\functions\\node_modules\\firebase-admin\\lib\\index.js"}} {"metadata":{"emulator":{"name":"functions"},"function":{"name":"api"},"message":"[runtime-status] [1360] firebase-admin has been stubbed. {\"adminResolution\":{\"declared\":true,\"installed\":true,\"version\":\"8.13.0\",\"resolution\":\"D:\\\\Development\\\\javascript\\\\projects\\\\tutorials\\\\react\\\\amazon\\\\functions\\\\node_modules\\\\firebase-admin\\\\lib\\\\index.js\"}}"}}
[debug] [2020-09-23T21:39:45.075Z] [runtime-status] [1360] Trigger "api" has been found, beginning invocation! {"metadata":{"emulator":{"name":"functions"},"function":{"name":"api"},"message":"[runtime-status] [1360] Trigger \"api\" has been found, beginning invocation!"}}
[info] i  functions: Beginning execution of "api" {"metadata":{"emulator":{"name":"functions"},"function":{"name":"api"},"message":"Beginning execution of \"api\""}}
[debug] [2020-09-23T21:39:45.077Z] [runtime-status] [1360] triggerDefinition {"httpsTrigger":{},"name":"api","entryPoint":"api"} {"metadata":{"emulator":{"name":"functions"},"function":{"name":"api"},"message":"[runtime-status] [1360] triggerDefinition {\"httpsTrigger\":{},\"name\":\"api\",\"entryPoint\":\"api\"}"}}
[debug] [2020-09-23T21:39:45.077Z] [runtime-status] [1360] Running api in mode HTTPS {"metadata":{"emulator":{"name":"functions"},"function":{"name":"api"},"message":"[runtime-status] [1360] Running api in mode HTTPS"}}
[debug] [2020-09-23T21:39:45.082Z] [runtime-status] [1360] Attempting to listen to socketPath: \\?\pipe\D:\Development\javascript\projects\tutorials\react\amazon\functions\1360 {"metadata":{"emulator":{"name":"functions"},"function":{"name":"api"},"message":"[runtime-status] [1360] Attempting to listen to socketPath: \\\\?\\pipe\\D:\\Development\\javascript\\projects\\tutorials\\react\\amazon\\functions\\1360"}}
[debug] [2020-09-23T21:39:45.085Z] [functions] Runtime ready! Sending request! {"metadata":{"emulator":{"name":"functions"},"message":"[functions] Runtime ready! Sending request!"}}
[debug] [2020-09-23T21:39:45.098Z] [runtime-status] [1360] Ephemeral server handling POST request {"metadata":{"emulator":{"name":"functions"},"function":{"name":"api"},"message":"[runtime-status] [1360] Ephemeral server handling POST request"}}
[info] >  Payment request received - from app (DEBUG CONSOLE) 75900 {"user":"Payment request received - from app (DEBUG CONSOLE) 75900","metadata":{"emulator":{"name":"functions"},"function":{"name":"api"},"message":"\u001b[90m> \u001b[39m Payment request received - from app (DEBUG CONSOLE) 75900"}}
[debug] [2020-09-23T21:39:45.121Z] [runtime-status] [1360] Ephemeral server survived. {"metadata":{"emulator":{"name":"functions"},"function":{"name":"api"},"message":"[runtime-status] [1360] Ephemeral server survived."}}
[info] i  functions: Finished "api" in ~1s {"metadata":{"emulator":{"name":"functions"},"function":{"name":"api"},"message":"Finished \"api\" in ~1s"}}
[debug] [2020-09-23T21:39:45.763Z] [worker-api-d25f3d17-5150-478f-9eb9-cce46e3824fb]: IDLE {"metadata":{"emulator":{"name":"functions"},"message":"[worker-api-d25f3d17-5150-478f-9eb9-cce46e3824fb]: IDLE"}}
[debug] [2020-09-23T21:39:45.763Z] [work-queue] {"queueLength":0,"workRunningCount":0}
[debug] [2020-09-23T21:39:59.764Z] [work-queue] {"queueLength":1,"workRunningCount":0}
[debug] [2020-09-23T21:39:59.766Z] [work-queue] {"queueLength":0,"workRunningCount":1}
[debug] [2020-09-23T21:39:59.766Z] Accepted request POST /clone-2f37e/us-central1/api/payments/create?total=0 --> api
[debug] [2020-09-23T21:39:59.766Z] [worker-pool] submitWork(triggerId=api) {"metadata":{"emulator":{"name":"functions"},"message":"[worker-pool] submitWork(triggerId=api)"}}
[debug] [2020-09-23T21:39:59.766Z] [worker-api-d25f3d17-5150-478f-9eb9-cce46e3824fb]: Assigning socketPath: \\?\pipe\D:\Development\javascript\projects\tutorials\react\amazon\functions\1360 {"metadata":{"emulator":{"name":"functions"},"message":"[worker-api-d25f3d17-5150-478f-9eb9-cce46e3824fb]: Assigning socketPath: \\\\?\\pipe\\D:\\Development\\javascript\\projects\\tutorials\\react\\amazon\\functions\\1360"}}
[debug] [2020-09-23T21:39:59.766Z] [worker-api-d25f3d17-5150-478f-9eb9-cce46e3824fb]: BUSY {"metadata":{"emulator":{"name":"functions"},"message":"[worker-api-d25f3d17-5150-478f-9eb9-cce46e3824fb]: BUSY"}}
[debug] [2020-09-23T21:39:59.769Z] [runtime-status] [1360] Trigger "api" has been found, beginning invocation! {"metadata":{"emulator":{"name":"functions"},"function":{"name":"api"},"message":"[runtime-status] [1360] Trigger \"api\" has been found, beginning invocation!"}}
[info] i  functions: Beginning execution of "api" {"metadata":{"emulator":{"name":"functions"},"function":{"name":"api"},"message":"Beginning execution of \"api\""}}
[debug] [2020-09-23T21:39:59.773Z] [runtime-status] [1360] triggerDefinition {"httpsTrigger":{},"name":"api","entryPoint":"api"} {"metadata":{"emulator":{"name":"functions"},"function":{"name":"api"},"message":"[runtime-status] [1360] triggerDefinition {\"httpsTrigger\":{},\"name\":\"api\",\"entryPoint\":\"api\"}"}}
[debug] [2020-09-23T21:39:59.774Z] [runtime-status] [1360] Running api in mode HTTPS {"metadata":{"emulator":{"name":"functions"},"function":{"name":"api"},"message":"[runtime-status] [1360] Running api in mode HTTPS"}}
[debug] [2020-09-23T21:39:59.774Z] [runtime-status] [1360] Attempting to listen to socketPath: \\?\pipe\D:\Development\javascript\projects\tutorials\react\amazon\functions\1360 {"metadata":{"emulator":{"name":"functions"},"function":{"name":"api"},"message":"[runtime-status] [1360] Attempting to listen to socketPath: \\\\?\\pipe\\D:\\Development\\javascript\\projects\\tutorials\\react\\amazon\\functions\\1360"}}
[debug] [2020-09-23T21:39:59.777Z] [functions] Runtime ready! Sending request! {"metadata":{"emulator":{"name":"functions"},"message":"[functions] Runtime ready! Sending request!"}}
[debug] [2020-09-23T21:39:59.783Z] [runtime-status] [1360] Ephemeral server handling POST request {"metadata":{"emulator":{"name":"functions"},"function":{"name":"api"},"message":"[runtime-status] [1360] Ephemeral server handling POST request"}}
[info] >  Payment request received - from app (DEBUG CONSOLE) 0 {"user":"Payment request received - from app (DEBUG CONSOLE) 0","metadata":{"emulator":{"name":"functions"},"function":{"name":"api"},"message":"\u001b[90m> \u001b[39m Payment request received - from app (DEBUG CONSOLE) 0"}}
[debug] [2020-09-23T21:39:59.786Z] [runtime-status] [1360] Ephemeral server survived. {"metadata":{"emulator":{"name":"functions"},"function":{"name":"api"},"message":"[runtime-status] [1360] Ephemeral server survived."}}
[info] >  (node:1360) UnhandledPromiseRejectionWarning: Error: This value must be greater than or equal to 1. {"user":"(node:1360) UnhandledPromiseRejectionWarning: Error: This value must be greater than or equal to 1.","metadata":{"emulator":{"name":"functions"},"function":{"name":"api"},"message":"\u001b[90m> \u001b[39m (node:1360) UnhandledPromiseRejectionWarning: Error: This value must be greater than or equal to 1."}}
[info] >      at Function.generate (D:\Development\javascript\projects\tutorials\react\amazon\functions\node_modules\stripe\lib\Error.js:39:16) {"user":"    at Function.generate (D:\\Development\\javascript\\projects\\tutorials\\react\\amazon\\functions\\node_modules\\stripe\\lib\\Error.js:39:16)","metadata":{"emulator":{"name":"functions"},"function":{"name":"api"},"message":"\u001b[90m> \u001b[39m     at Function.generate (D:\\Development\\javascript\\projects\\tutorials\\react\\amazon\\functions\\node_modules\\stripe\\lib\\Error.js:39:16)"}}
[info] >      at IncomingMessage.<anonymous> (D:\Development\javascript\projects\tutorials\react\amazon\functions\node_modules\stripe\lib\StripeResource.js:190:33) {"user":"    at IncomingMessage.<anonymous> (D:\\Development\\javascript\\projects\\tutorials\\react\\amazon\\functions\\node_modules\\stripe\\lib\\StripeResource.js:190:33)","metadata":{"emulator":{"name":"functions"},"function":{"name":"api"},"message":"\u001b[90m> \u001b[39m     at IncomingMessage.<anonymous> (D:\\Development\\javascript\\projects\\tutorials\\react\\amazon\\functions\\node_modules\\stripe\\lib\\StripeResource.js:190:33)"}}
[info] >      at Object.onceWrapper (events.js:421:28) {"user":"    at Object.onceWrapper (events.js:421:28)","metadata":{"emulator":{"name":"functions"},"function":{"name":"api"},"message":"\u001b[90m> \u001b[39m     at Object.onceWrapper (events.js:421:28)"}}
[info] >      at IncomingMessage.emit (events.js:327:22) {"user":"    at IncomingMessage.emit (events.js:327:22)","metadata":{"emulator":{"name":"functions"},"function":{"name":"api"},"message":"\u001b[90m> \u001b[39m     at IncomingMessage.emit (events.js:327:22)"}}
[info] >      at endReadableNT (_stream_readable.js:1221:12) {"user":"    at endReadableNT (_stream_readable.js:1221:12)","metadata":{"emulator":{"name":"functions"},"function":{"name":"api"},"message":"\u001b[90m> \u001b[39m     at endReadableNT (_stream_readable.js:1221:12)"}}
[info] >      at processTicksAndRejections (internal/process/task_queues.js:84:21) {"user":"    at processTicksAndRejections (internal/process/task_queues.js:84:21)","metadata":{"emulator":{"name":"functions"},"function":{"name":"api"},"message":"\u001b[90m> \u001b[39m     at processTicksAndRejections (internal/process/task_queues.js:84:21)"}}
[info] >  (node:1360) UnhandledPromiseRejectionWarning: Unhandled promise rejection. This error originated either by throwing inside of an async function without a catch block, or by rejecting a promise which was not handled with .catch(). To terminate the node process on unhandled promise rejection, use the CLI flag `--unhandled-rejections=strict` (see https://nodejs.org/api/cli.html#cli_unhandled_rejections_mode). (rejection id: 1) {"user":"(node:1360) UnhandledPromiseRejectionWarning: Unhandled promise rejection. This error originated either by throwing inside of an async function without a catch block, or by rejecting a promise which was not handled with .catch(). To terminate the node process on unhandled promise rejection, use the CLI flag `--unhandled-rejections=strict` (see https://nodejs.org/api/cli.html#cli_unhandled_rejections_mode). (rejection id: 1)","metadata":{"emulator":{"name":"functions"},"function":{"name":"api"},"message":"\u001b[90m> \u001b[39m (node:1360) UnhandledPromiseRejectionWarning: Unhandled promise rejection. This error originated either by throwing inside of an async function without a catch block, or by rejecting a promise which was not handled with .catch(). To terminate the node process on unhandled promise rejection, use the CLI flag `--unhandled-rejections=strict` (see https://nodejs.org/api/cli.html#cli_unhandled_rejections_mode). (rejection id: 1)"}}
[info] >  (node:1360) [DEP0018] DeprecationWarning: Unhandled promise rejections are deprecated. In the future, promise rejections that are not handled will terminate the Node.js process with a non-zero exit code. {"user":"(node:1360) [DEP0018] DeprecationWarning: Unhandled promise rejections are deprecated. In the future, promise rejections that are not handled will terminate the Node.js process with a non-zero exit code.","metadata":{"emulator":{"name":"functions"},"function":{"name":"api"},"message":"\u001b[90m> \u001b[39m (node:1360) [DEP0018] DeprecationWarning: Unhandled promise rejections are deprecated. In the future, promise rejections that are not handled will terminate the Node.js process with a non-zero exit code."}}
[warn] !  functions: Your function timed out after ~60s. To configure this timeout, see
      https://firebase.google.com/docs/functions/manage-functions#set_timeout_and_memory_allocation. {"metadata":{"emulator":{"name":"functions"},"function":{"name":"api"},"message":"Your function timed out after ~60s. To configure this timeout, see\n      https://firebase.google.com/docs/functions/manage-functions#set_timeout_and_memory_allocation."}}
[info] >  C:\Users\rissandimo\AppData\Roaming\npm\node_modules\firebase-tools\lib\emulator\functionsEmulatorRuntime.js:642 {"user":"C:\\Users\\rissandimo\\AppData\\Roaming\\npm\\node_modules\\firebase-tools\\lib\\emulator\\functionsEmulatorRuntime.js:642\r","metadata":{"emulator":{"name":"functions"},"function":{"name":"api"},"message":"\u001b[90m> \u001b[39m C:\\Users\\rissandimo\\AppData\\Roaming\\npm\\node_modules\\firebase-tools\\lib\\emulator\\functionsEmulatorRuntime.js:642\r"}}
[info] >                  throw new Error("Function timed out."); {"user":"                throw new Error(\"Function timed out.\");\r","metadata":{"emulator":{"name":"functions"},"function":{"name":"api"},"message":"\u001b[90m> \u001b[39m                 throw new Error(\"Function timed out.\");\r"}}
[info] >                  ^ {"user":"                ^\r","metadata":{"emulator":{"name":"functions"},"function":{"name":"api"},"message":"\u001b[90m> \u001b[39m                 ^\r"}}
[info] >   {"user":"\r","metadata":{"emulator":{"name":"functions"},"function":{"name":"api"},"message":"\u001b[90m> \u001b[39m \r"}}
[info] >  Error: Function timed out. {"user":"Error: Function timed out.\r","metadata":{"emulator":{"name":"functions"},"function":{"name":"api"},"message":"\u001b[90m> \u001b[39m Error: Function timed out.\r"}}
[info] >      at Timeout._onTimeout (C:\Users\rissandimo\AppData\Roaming\npm\node_modules\firebase-tools\lib\emulator\functionsEmulatorRuntime.js:642:23) {"user":"    at Timeout._onTimeout (C:\\Users\\rissandimo\\AppData\\Roaming\\npm\\node_modules\\firebase-tools\\lib\\emulator\\functionsEmulatorRuntime.js:642:23)\r","metadata":{"emulator":{"name":"functions"},"function":{"name":"api"},"message":"\u001b[90m> \u001b[39m     at Timeout._onTimeout (C:\\Users\\rissandimo\\AppData\\Roaming\\npm\\node_modules\\firebase-tools\\lib\\emulator\\functionsEmulatorRuntime.js:642:23)\r"}}
[info] >      at listOnTimeout (internal/timers.js:549:17) {"user":"    at listOnTimeout (internal/timers.js:549:17)\r","metadata":{"emulator":{"name":"functions"},"function":{"name":"api"},"message":"\u001b[90m> \u001b[39m     at listOnTimeout (internal/timers.js:549:17)\r"}}
[info] >      at processTimers (internal/timers.js:492:7) {"user":"    at processTimers (internal/timers.js:492:7)\r","metadata":{"emulator":{"name":"functions"},"function":{"name":"api"},"message":"\u001b[90m> \u001b[39m     at processTimers (internal/timers.js:492:7)\r"}}
[debug] [2020-09-23T21:40:59.863Z] [worker-api-d25f3d17-5150-478f-9eb9-cce46e3824fb]: exited {"metadata":{"emulator":{"name":"functions"},"message":"[worker-api-d25f3d17-5150-478f-9eb9-cce46e3824fb]: exited"}}
[debug] [2020-09-23T21:40:59.864Z] [worker-api-d25f3d17-5150-478f-9eb9-cce46e3824fb]: FINISHED {"metadata":{"emulator":{"name":"functions"},"message":"[worker-api-d25f3d17-5150-478f-9eb9-cce46e3824fb]: FINISHED"}}
[debug] [2020-09-23T21:40:59.866Z] [work-queue] {"queueLength":0,"workRunningCount":0}
[debug] [2020-09-24T01:42:33.551Z] [work-queue] {"queueLength":1,"workRunningCount":0}
[debug] [2020-09-24T01:42:33.552Z] [work-queue] {"queueLength":0,"workRunningCount":1}
[debug] [2020-09-24T01:42:33.552Z] Accepted request POST /clone-2f37e/us-central1/api/payments/create?total=74194 --> api
[debug] [2020-09-24T01:42:33.552Z] [worker-pool] Cleaned up workers for api: 1 --> 0 {"metadata":{"emulator":{"name":"functions"},"message":"[worker-pool] Cleaned up workers for api: 1 --> 0"}}
[debug] [2020-09-24T01:42:33.594Z] [worker-pool] addWorker(api) {"metadata":{"emulator":{"name":"functions"},"message":"[worker-pool] addWorker(api)"}}
[debug] [2020-09-24T01:42:33.594Z] [worker-pool] Adding worker with key api, total=1 {"metadata":{"emulator":{"name":"functions"},"message":"[worker-pool] Adding worker with key api, total=1"}}
[debug] [2020-09-24T01:42:33.594Z] [worker-pool] submitWork(triggerId=api) {"metadata":{"emulator":{"name":"functions"},"message":"[worker-pool] submitWork(triggerId=api)"}}
[debug] [2020-09-24T01:42:33.594Z] [worker-api-6a7f8c72-e442-4014-b8e1-f5f3d554acfd]: Assigning socketPath: \\?\pipe\D:\Development\javascript\projects\tutorials\react\amazon\functions\9704 {"metadata":{"emulator":{"name":"functions"},"message":"[worker-api-6a7f8c72-e442-4014-b8e1-f5f3d554acfd]: Assigning socketPath: \\\\?\\pipe\\D:\\Development\\javascript\\projects\\tutorials\\react\\amazon\\functions\\9704"}}
[debug] [2020-09-24T01:42:33.594Z] [worker-api-6a7f8c72-e442-4014-b8e1-f5f3d554acfd]: BUSY {"metadata":{"emulator":{"name":"functions"},"message":"[worker-api-6a7f8c72-e442-4014-b8e1-f5f3d554acfd]: BUSY"}}
[debug] [2020-09-24T01:42:38.912Z] [runtime-status] [9704] Functions runtime initialized. {"cwd":"D:\\Development\\javascript\\projects\\tutorials\\react\\amazon\\functions","node_version":"12.18.0"} {"metadata":{"emulator":{"name":"functions"},"function":{"name":"api"},"message":"[runtime-status] [9704] Functions runtime initialized. {\"cwd\":\"D:\\\\Development\\\\javascript\\\\projects\\\\tutorials\\\\react\\\\amazon\\\\functions\",\"node_version\":\"12.18.0\"}"}}
[debug] [2020-09-24T01:42:38.916Z] [runtime-status] [9704] Disabled runtime features: undefined {"metadata":{"emulator":{"name":"functions"},"function":{"name":"api"},"message":"[runtime-status] [9704] Disabled runtime features: undefined"}}
[debug] [2020-09-24T01:42:38.992Z] [runtime-status] [9704] Resolved module firebase-admin {"declared":true,"installed":true,"version":"8.13.0","resolution":"D:\\Development\\javascript\\projects\\tutorials\\react\\amazon\\functions\\node_modules\\firebase-admin\\lib\\index.js"} {"metadata":{"emulator":{"name":"functions"},"function":{"name":"api"},"message":"[runtime-status] [9704] Resolved module firebase-admin {\"declared\":true,\"installed\":true,\"version\":\"8.13.0\",\"resolution\":\"D:\\\\Development\\\\javascript\\\\projects\\\\tutorials\\\\react\\\\amazon\\\\functions\\\\node_modules\\\\firebase-admin\\\\lib\\\\index.js\"}"}}
[debug] [2020-09-24T01:42:38.994Z] [runtime-status] [9704] Resolved module firebase-functions {"declared":true,"installed":true,"version":"3.11.0","resolution":"D:\\Development\\javascript\\projects\\tutorials\\react\\amazon\\functions\\node_modules\\firebase-functions\\lib\\index.js"} {"metadata":{"emulator":{"name":"functions"},"function":{"name":"api"},"message":"[runtime-status] [9704] Resolved module firebase-functions {\"declared\":true,\"installed\":true,\"version\":\"3.11.0\",\"resolution\":\"D:\\\\Development\\\\javascript\\\\projects\\\\tutorials\\\\react\\\\amazon\\\\functions\\\\node_modules\\\\firebase-functions\\\\lib\\\\index.js\"}"}}
[debug] [2020-09-24T01:42:38.996Z] [runtime-status] [9704] Resolved module firebase-functions {"declared":true,"installed":true,"version":"3.11.0","resolution":"D:\\Development\\javascript\\projects\\tutorials\\react\\amazon\\functions\\node_modules\\firebase-functions\\lib\\index.js"} {"metadata":{"emulator":{"name":"functions"},"function":{"name":"api"},"message":"[runtime-status] [9704] Resolved module firebase-functions {\"declared\":true,\"installed\":true,\"version\":\"3.11.0\",\"resolution\":\"D:\\\\Development\\\\javascript\\\\projects\\\\tutorials\\\\react\\\\amazon\\\\functions\\\\node_modules\\\\firebase-functions\\\\lib\\\\index.js\"}"}}
[debug] [2020-09-24T01:42:38.999Z] [runtime-status] [9704] Outgoing network have been stubbed. [{"name":"http","status":"mocked"},{"name":"http","status":"mocked"},{"name":"https","status":"mocked"},{"name":"https","status":"mocked"},{"name":"net","status":"mocked"}] {"metadata":{"emulator":{"name":"functions"},"function":{"name":"api"},"message":"[runtime-status] [9704] Outgoing network have been stubbed. [{\"name\":\"http\",\"status\":\"mocked\"},{\"name\":\"http\",\"status\":\"mocked\"},{\"name\":\"https\",\"status\":\"mocked\"},{\"name\":\"https\",\"status\":\"mocked\"},{\"name\":\"net\",\"status\":\"mocked\"}]"}}
[debug] [2020-09-24T01:42:39.000Z] [runtime-status] [9704] Resolved module firebase-functions {"declared":true,"installed":true,"version":"3.11.0","resolution":"D:\\Development\\javascript\\projects\\tutorials\\react\\amazon\\functions\\node_modules\\firebase-functions\\lib\\index.js"} {"metadata":{"emulator":{"name":"functions"},"function":{"name":"api"},"message":"[runtime-status] [9704] Resolved module firebase-functions {\"declared\":true,\"installed\":true,\"version\":\"3.11.0\",\"resolution\":\"D:\\\\Development\\\\javascript\\\\projects\\\\tutorials\\\\react\\\\amazon\\\\functions\\\\node_modules\\\\firebase-functions\\\\lib\\\\index.js\"}"}}
[debug] [2020-09-24T01:42:39.408Z] [runtime-status] [9704] Checked functions.config() {"config":{}} {"metadata":{"emulator":{"name":"functions"},"function":{"name":"api"},"message":"[runtime-status] [9704] Checked functions.config() {\"config\":{}}"}}
[debug] [2020-09-24T01:42:39.409Z] [runtime-status] [9704] firebase-functions has been stubbed. {"functionsResolution":{"declared":true,"installed":true,"version":"3.11.0","resolution":"D:\\Development\\javascript\\projects\\tutorials\\react\\amazon\\functions\\node_modules\\firebase-functions\\lib\\index.js"}} {"metadata":{"emulator":{"name":"functions"},"function":{"name":"api"},"message":"[runtime-status] [9704] firebase-functions has been stubbed. {\"functionsResolution\":{\"declared\":true,\"installed\":true,\"version\":\"3.11.0\",\"resolution\":\"D:\\\\Development\\\\javascript\\\\projects\\\\tutorials\\\\react\\\\amazon\\\\functions\\\\node_modules\\\\firebase-functions\\\\lib\\\\index.js\"}}"}}
[debug] [2020-09-24T01:42:39.409Z] [runtime-status] [9704] Resolved module firebase-functions {"declared":true,"installed":true,"version":"3.11.0","resolution":"D:\\Development\\javascript\\projects\\tutorials\\react\\amazon\\functions\\node_modules\\firebase-functions\\lib\\index.js"} {"metadata":{"emulator":{"name":"functions"},"function":{"name":"api"},"message":"[runtime-status] [9704] Resolved module firebase-functions {\"declared\":true,\"installed\":true,\"version\":\"3.11.0\",\"resolution\":\"D:\\\\Development\\\\javascript\\\\projects\\\\tutorials\\\\react\\\\amazon\\\\functions\\\\node_modules\\\\firebase-functions\\\\lib\\\\index.js\"}"}}
[debug] [2020-09-24T01:42:39.411Z] [runtime-status] [9704] Resolved module firebase-admin {"declared":true,"installed":true,"version":"8.13.0","resolution":"D:\\Development\\javascript\\projects\\tutorials\\react\\amazon\\functions\\node_modules\\firebase-admin\\lib\\index.js"} {"metadata":{"emulator":{"name":"functions"},"function":{"name":"api"},"message":"[runtime-status] [9704] Resolved module firebase-admin {\"declared\":true,\"installed\":true,\"version\":\"8.13.0\",\"resolution\":\"D:\\\\Development\\\\javascript\\\\projects\\\\tutorials\\\\react\\\\amazon\\\\functions\\\\node_modules\\\\firebase-admin\\\\lib\\\\index.js\"}"}}
[debug] [2020-09-24T01:42:39.412Z] [runtime-status] [9704] Resolved module firebase-functions {"declared":true,"installed":true,"version":"3.11.0","resolution":"D:\\Development\\javascript\\projects\\tutorials\\react\\amazon\\functions\\node_modules\\firebase-functions\\lib\\index.js"} {"metadata":{"emulator":{"name":"functions"},"function":{"name":"api"},"message":"[runtime-status] [9704] Resolved module firebase-functions {\"declared\":true,\"installed\":true,\"version\":\"3.11.0\",\"resolution\":\"D:\\\\Development\\\\javascript\\\\projects\\\\tutorials\\\\react\\\\amazon\\\\functions\\\\node_modules\\\\firebase-functions\\\\lib\\\\index.js\"}"}}
[debug] [2020-09-24T01:42:39.413Z] [runtime-status] [9704] firebase-admin has been stubbed. {"adminResolution":{"declared":true,"installed":true,"version":"8.13.0","resolution":"D:\\Development\\javascript\\projects\\tutorials\\react\\amazon\\functions\\node_modules\\firebase-admin\\lib\\index.js"}} {"metadata":{"emulator":{"name":"functions"},"function":{"name":"api"},"message":"[runtime-status] [9704] firebase-admin has been stubbed. {\"adminResolution\":{\"declared\":true,\"installed\":true,\"version\":\"8.13.0\",\"resolution\":\"D:\\\\Development\\\\javascript\\\\projects\\\\tutorials\\\\react\\\\amazon\\\\functions\\\\node_modules\\\\firebase-admin\\\\lib\\\\index.js\"}}"}}
[debug] [2020-09-24T01:42:40.713Z] [runtime-status] [9704] Trigger "api" has been found, beginning invocation! {"metadata":{"emulator":{"name":"functions"},"function":{"name":"api"},"message":"[runtime-status] [9704] Trigger \"api\" has been found, beginning invocation!"}}
[info] i  functions: Beginning execution of "api" {"metadata":{"emulator":{"name":"functions"},"function":{"name":"api"},"message":"Beginning execution of \"api\""}}
[debug] [2020-09-24T01:42:40.722Z] [runtime-status] [9704] triggerDefinition {"httpsTrigger":{},"name":"api","entryPoint":"api"} {"metadata":{"emulator":{"name":"functions"},"function":{"name":"api"},"message":"[runtime-status] [9704] triggerDefinition {\"httpsTrigger\":{},\"name\":\"api\",\"entryPoint\":\"api\"}"}}
[debug] [2020-09-24T01:42:40.723Z] [runtime-status] [9704] Running api in mode HTTPS {"metadata":{"emulator":{"name":"functions"},"function":{"name":"api"},"message":"[runtime-status] [9704] Running api in mode HTTPS"}}
[debug] [2020-09-24T01:42:40.723Z] [runtime-status] [9704] Attempting to listen to socketPath: \\?\pipe\D:\Development\javascript\projects\tutorials\react\amazon\functions\9704 {"metadata":{"emulator":{"name":"functions"},"function":{"name":"api"},"message":"[runtime-status] [9704] Attempting to listen to socketPath: \\\\?\\pipe\\D:\\Development\\javascript\\projects\\tutorials\\react\\amazon\\functions\\9704"}}
[debug] [2020-09-24T01:42:40.747Z] [functions] Runtime ready! Sending request! {"metadata":{"emulator":{"name":"functions"},"message":"[functions] Runtime ready! Sending request!"}}
[debug] [2020-09-24T01:42:40.761Z] [runtime-status] [9704] Ephemeral server handling POST request {"metadata":{"emulator":{"name":"functions"},"function":{"name":"api"},"message":"[runtime-status] [9704] Ephemeral server handling POST request"}}
[info] >  Payment request received - from app (DEBUG CONSOLE) 74194 {"user":"Payment request received - from app (DEBUG CONSOLE) 74194","metadata":{"emulator":{"name":"functions"},"function":{"name":"api"},"message":"\u001b[90m> \u001b[39m Payment request received - from app (DEBUG CONSOLE) 74194"}}
[debug] [2020-09-24T01:42:40.783Z] [runtime-status] [9704] Ephemeral server survived. {"metadata":{"emulator":{"name":"functions"},"function":{"name":"api"},"message":"[runtime-status] [9704] Ephemeral server survived."}}
[info] i  functions: Finished "api" in ~1s {"metadata":{"emulator":{"name":"functions"},"function":{"name":"api"},"message":"Finished \"api\" in ~1s"}}
[debug] [2020-09-24T01:42:41.449Z] [worker-api-6a7f8c72-e442-4014-b8e1-f5f3d554acfd]: IDLE {"metadata":{"emulator":{"name":"functions"},"message":"[worker-api-6a7f8c72-e442-4014-b8e1-f5f3d554acfd]: IDLE"}}
[debug] [2020-09-24T01:42:41.450Z] [work-queue] {"queueLength":0,"workRunningCount":0}
[debug] [2020-09-24T01:42:46.511Z] [work-queue] {"queueLength":1,"workRunningCount":0}
[debug] [2020-09-24T01:42:46.512Z] [work-queue] {"queueLength":0,"workRunningCount":1}
[debug] [2020-09-24T01:42:46.512Z] Accepted request POST /clone-2f37e/us-central1/api/payments/create?total=0 --> api
[debug] [2020-09-24T01:42:46.512Z] [worker-pool] submitWork(triggerId=api) {"metadata":{"emulator":{"name":"functions"},"message":"[worker-pool] submitWork(triggerId=api)"}}
[debug] [2020-09-24T01:42:46.512Z] [worker-api-6a7f8c72-e442-4014-b8e1-f5f3d554acfd]: Assigning socketPath: \\?\pipe\D:\Development\javascript\projects\tutorials\react\amazon\functions\9704 {"metadata":{"emulator":{"name":"functions"},"message":"[worker-api-6a7f8c72-e442-4014-b8e1-f5f3d554acfd]: Assigning socketPath: \\\\?\\pipe\\D:\\Development\\javascript\\projects\\tutorials\\react\\amazon\\functions\\9704"}}
[debug] [2020-09-24T01:42:46.513Z] [worker-api-6a7f8c72-e442-4014-b8e1-f5f3d554acfd]: BUSY {"metadata":{"emulator":{"name":"functions"},"message":"[worker-api-6a7f8c72-e442-4014-b8e1-f5f3d554acfd]: BUSY"}}
[debug] [2020-09-24T01:42:46.514Z] [runtime-status] [9704] Trigger "api" has been found, beginning invocation! {"metadata":{"emulator":{"name":"functions"},"function":{"name":"api"},"message":"[runtime-status] [9704] Trigger \"api\" has been found, beginning invocation!"}}
[info] i  functions: Beginning execution of "api" {"metadata":{"emulator":{"name":"functions"},"function":{"name":"api"},"message":"Beginning execution of \"api\""}}
[debug] [2020-09-24T01:42:46.516Z] [runtime-status] [9704] triggerDefinition {"httpsTrigger":{},"name":"api","entryPoint":"api"} {"metadata":{"emulator":{"name":"functions"},"function":{"name":"api"},"message":"[runtime-status] [9704] triggerDefinition {\"httpsTrigger\":{},\"name\":\"api\",\"entryPoint\":\"api\"}"}}
[debug] [2020-09-24T01:42:46.516Z] [runtime-status] [9704] Running api in mode HTTPS {"metadata":{"emulator":{"name":"functions"},"function":{"name":"api"},"message":"[runtime-status] [9704] Running api in mode HTTPS"}}
[debug] [2020-09-24T01:42:46.516Z] [runtime-status] [9704] Attempting to listen to socketPath: \\?\pipe\D:\Development\javascript\projects\tutorials\react\amazon\functions\9704 {"metadata":{"emulator":{"name":"functions"},"function":{"name":"api"},"message":"[runtime-status] [9704] Attempting to listen to socketPath: \\\\?\\pipe\\D:\\Development\\javascript\\projects\\tutorials\\react\\amazon\\functions\\9704"}}
[debug] [2020-09-24T01:42:46.518Z] [functions] Runtime ready! Sending request! {"metadata":{"emulator":{"name":"functions"},"message":"[functions] Runtime ready! Sending request!"}}
[debug] [2020-09-24T01:42:46.522Z] [runtime-status] [9704] Ephemeral server handling POST request {"metadata":{"emulator":{"name":"functions"},"function":{"name":"api"},"message":"[runtime-status] [9704] Ephemeral server handling POST request"}}
[info] >  Payment request received - from app (DEBUG CONSOLE) 0 {"user":"Payment request received - from app (DEBUG CONSOLE) 0","metadata":{"emulator":{"name":"functions"},"function":{"name":"api"},"message":"\u001b[90m> \u001b[39m Payment request received - from app (DEBUG CONSOLE) 0"}}
[debug] [2020-09-24T01:42:46.547Z] [runtime-status] [9704] Ephemeral server survived. {"metadata":{"emulator":{"name":"functions"},"function":{"name":"api"},"message":"[runtime-status] [9704] Ephemeral server survived."}}
[info] >  (node:9704) UnhandledPromiseRejectionWarning: Error: This value must be greater than or equal to 1. {"user":"(node:9704) UnhandledPromiseRejectionWarning: Error: This value must be greater than or equal to 1.","metadata":{"emulator":{"name":"functions"},"function":{"name":"api"},"message":"\u001b[90m> \u001b[39m (node:9704) UnhandledPromiseRejectionWarning: Error: This value must be greater than or equal to 1."}}
[info] >      at Function.generate (D:\Development\javascript\projects\tutorials\react\amazon\functions\node_modules\stripe\lib\Error.js:39:16) {"user":"    at Function.generate (D:\\Development\\javascript\\projects\\tutorials\\react\\amazon\\functions\\node_modules\\stripe\\lib\\Error.js:39:16)","metadata":{"emulator":{"name":"functions"},"function":{"name":"api"},"message":"\u001b[90m> \u001b[39m     at Function.generate (D:\\Development\\javascript\\projects\\tutorials\\react\\amazon\\functions\\node_modules\\stripe\\lib\\Error.js:39:16)"}}
[info] >      at IncomingMessage.<anonymous> (D:\Development\javascript\projects\tutorials\react\amazon\functions\node_modules\stripe\lib\StripeResource.js:190:33) {"user":"    at IncomingMessage.<anonymous> (D:\\Development\\javascript\\projects\\tutorials\\react\\amazon\\functions\\node_modules\\stripe\\lib\\StripeResource.js:190:33)","metadata":{"emulator":{"name":"functions"},"function":{"name":"api"},"message":"\u001b[90m> \u001b[39m     at IncomingMessage.<anonymous> (D:\\Development\\javascript\\projects\\tutorials\\react\\amazon\\functions\\node_modules\\stripe\\lib\\StripeResource.js:190:33)"}}
[info] >      at Object.onceWrapper (events.js:421:28) {"user":"    at Object.onceWrapper (events.js:421:28)","metadata":{"emulator":{"name":"functions"},"function":{"name":"api"},"message":"\u001b[90m> \u001b[39m     at Object.onceWrapper (events.js:421:28)"}}
[info] >      at IncomingMessage.emit (events.js:327:22) {"user":"    at IncomingMessage.emit (events.js:327:22)","metadata":{"emulator":{"name":"functions"},"function":{"name":"api"},"message":"\u001b[90m> \u001b[39m     at IncomingMessage.emit (events.js:327:22)"}}
[info] >      at endReadableNT (_stream_readable.js:1221:12) {"user":"    at endReadableNT (_stream_readable.js:1221:12)","metadata":{"emulator":{"name":"functions"},"function":{"name":"api"},"message":"\u001b[90m> \u001b[39m     at endReadableNT (_stream_readable.js:1221:12)"}}
[info] >      at processTicksAndRejections (internal/process/task_queues.js:84:21) {"user":"    at processTicksAndRejections (internal/process/task_queues.js:84:21)","metadata":{"emulator":{"name":"functions"},"function":{"name":"api"},"message":"\u001b[90m> \u001b[39m     at processTicksAndRejections (internal/process/task_queues.js:84:21)"}}
[info] >  (node:9704) UnhandledPromiseRejectionWarning: Unhandled promise rejection. This error originated either by throwing inside of an async function without a catch block, or by rejecting a promise which was not handled with .catch(). To terminate the node process on unhandled promise rejection, use the CLI flag `--unhandled-rejections=strict` (see https://nodejs.org/api/cli.html#cli_unhandled_rejections_mode). (rejection id: 1) {"user":"(node:9704) UnhandledPromiseRejectionWarning: Unhandled promise rejection. This error originated either by throwing inside of an async function without a catch block, or by rejecting a promise which was not handled with .catch(). To terminate the node process on unhandled promise rejection, use the CLI flag `--unhandled-rejections=strict` (see https://nodejs.org/api/cli.html#cli_unhandled_rejections_mode). (rejection id: 1)","metadata":{"emulator":{"name":"functions"},"function":{"name":"api"},"message":"\u001b[90m> \u001b[39m (node:9704) UnhandledPromiseRejectionWarning: Unhandled promise rejection. This error originated either by throwing inside of an async function without a catch block, or by rejecting a promise which was not handled with .catch(). To terminate the node process on unhandled promise rejection, use the CLI flag `--unhandled-rejections=strict` (see https://nodejs.org/api/cli.html#cli_unhandled_rejections_mode). (rejection id: 1)"}}
[info] >  (node:9704) [DEP0018] DeprecationWarning: Unhandled promise rejections are deprecated. In the future, promise rejections that are not handled will terminate the Node.js process with a non-zero exit code. {"user":"(node:9704) [DEP0018] DeprecationWarning: Unhandled promise rejections are deprecated. In the future, promise rejections that are not handled will terminate the Node.js process with a non-zero exit code.","metadata":{"emulator":{"name":"functions"},"function":{"name":"api"},"message":"\u001b[90m> \u001b[39m (node:9704) [DEP0018] DeprecationWarning: Unhandled promise rejections are deprecated. In the future, promise rejections that are not handled will terminate the Node.js process with a non-zero exit code."}}
[warn] !  functions: Your function timed out after ~60s. To configure this timeout, see
      https://firebase.google.com/docs/functions/manage-functions#set_timeout_and_memory_allocation. {"metadata":{"emulator":{"name":"functions"},"function":{"name":"api"},"message":"Your function timed out after ~60s. To configure this timeout, see\n      https://firebase.google.com/docs/functions/manage-functions#set_timeout_and_memory_allocation."}}
[info] >  C:\Users\rissandimo\AppData\Roaming\npm\node_modules\firebase-tools\lib\emulator\functionsEmulatorRuntime.js:642 {"user":"C:\\Users\\rissandimo\\AppData\\Roaming\\npm\\node_modules\\firebase-tools\\lib\\emulator\\functionsEmulatorRuntime.js:642\r","metadata":{"emulator":{"name":"functions"},"function":{"name":"api"},"message":"\u001b[90m> \u001b[39m C:\\Users\\rissandimo\\AppData\\Roaming\\npm\\node_modules\\firebase-tools\\lib\\emulator\\functionsEmulatorRuntime.js:642\r"}}
[info] >                  throw new Error("Function timed out."); {"user":"                throw new Error(\"Function timed out.\");\r","metadata":{"emulator":{"name":"functions"},"function":{"name":"api"},"message":"\u001b[90m> \u001b[39m                 throw new Error(\"Function timed out.\");\r"}}
[info] >                  ^ {"user":"                ^\r","metadata":{"emulator":{"name":"functions"},"function":{"name":"api"},"message":"\u001b[90m> \u001b[39m                 ^\r"}}
[info] >   {"user":"\r","metadata":{"emulator":{"name":"functions"},"function":{"name":"api"},"message":"\u001b[90m> \u001b[39m \r"}}
[info] >  Error: Function timed out. {"user":"Error: Function timed out.\r","metadata":{"emulator":{"name":"functions"},"function":{"name":"api"},"message":"\u001b[90m> \u001b[39m Error: Function timed out.\r"}}
[info] >      at Timeout._onTimeout (C:\Users\rissandimo\AppData\Roaming\npm\node_modules\firebase-tools\lib\emulator\functionsEmulatorRuntime.js:642:23) {"user":"    at Timeout._onTimeout (C:\\Users\\rissandimo\\AppData\\Roaming\\npm\\node_modules\\firebase-tools\\lib\\emulator\\functionsEmulatorRuntime.js:642:23)\r","metadata":{"emulator":{"name":"functions"},"function":{"name":"api"},"message":"\u001b[90m> \u001b[39m     at Timeout._onTimeout (C:\\Users\\rissandimo\\AppData\\Roaming\\npm\\node_modules\\firebase-tools\\lib\\emulator\\functionsEmulatorRuntime.js:642:23)\r"}}
[info] >      at listOnTimeout (internal/timers.js:549:17) {"user":"    at listOnTimeout (internal/timers.js:549:17)\r","metadata":{"emulator":{"name":"functions"},"function":{"name":"api"},"message":"\u001b[90m> \u001b[39m     at listOnTimeout (internal/timers.js:549:17)\r"}}
[info] >      at processTimers (internal/timers.js:492:7) {"user":"    at processTimers (internal/timers.js:492:7)\r","metadata":{"emulator":{"name":"functions"},"function":{"name":"api"},"message":"\u001b[90m> \u001b[39m     at processTimers (internal/timers.js:492:7)\r"}}
[debug] [2020-09-24T01:43:46.561Z] [worker-api-6a7f8c72-e442-4014-b8e1-f5f3d554acfd]: exited {"metadata":{"emulator":{"name":"functions"},"message":"[worker-api-6a7f8c72-e442-4014-b8e1-f5f3d554acfd]: exited"}}
[debug] [2020-09-24T01:43:46.561Z] [worker-api-6a7f8c72-e442-4014-b8e1-f5f3d554acfd]: FINISHED {"metadata":{"emulator":{"name":"functions"},"message":"[worker-api-6a7f8c72-e442-4014-b8e1-f5f3d554acfd]: FINISHED"}}
[debug] [2020-09-24T01:43:46.562Z] [work-queue] {"queueLength":0,"workRunningCount":0}
